p/1654970557339.jpg 1 0 0 3120 4160
p/1654970557336.jpg 1 0 0 3120 4160
p/1654970557335.jpg 1 0 0 3120 4160
p/1654970557334.jpg 1 0 0 3120 4160
p/1654970557333.jpg 1 0 0 3120 4160
p/1654970557332.jpg 1 0 0 3120 4160
p/1654970557331.jpg 1 0 0 3120 4160
p/1654970557330.jpg 1 0 0 3120 4160
p/1654970557329.jpg 1 0 0 3120 4160
p/1654970557328.jpg 1 0 0 3120 4160
p/1654970557327.jpg 1 0 0 3120 4160
p/1654970557325.jpg 1 0 0 3120 4160
p/1654970557318.jpg 1 0 0 3120 4160
p/1654970557319.jpg 1 0 0 3120 4160
p/1654970557320.jpg 1 0 0 3120 4160
p/1654970557321.jpg 1 0 0 3120 4160
p/1654970557322.jpg 1 0 0 3120 4160
p/1654970557323.jpg 1 0 0 3120 4160
p/1654970557324.jpg 1 0 0 3120 4160
p/1654970557303.jpg 1 0 0 3120 4160
p/1654970557305.jpg 1 0 0 3120 4160
p/1654970557306.jpg 1 0 0 3120 4160
p/1654970557307.jpg 1 0 0 3120 4160
p/1654970557308.jpg 1 0 0 3120 4160
p/1654970557309.jpg 1 0 0 3120 4160
p/1654970557310.jpg 1 0 0 3120 4160
p/1654970557311.jpg 1 0 0 3120 4160
p/1654970557312.jpg 1 0 0 3120 4160
p/1654970557313.jpg 1 0 0 3120 4160
p/1654970557314.jpg 1 0 0 3120 4160
p/1654970557316.jpg 1 0 0 3120 4160
p/1654970557317.jpg 1 0 0 3120 4160
p/1654970557281.jpg 1 0 0 3120 4160
p/1654970557283.jpg 1 0 0 3120 4160
p/1654970557284.jpg 1 0 0 3120 4160
p/1654970557285.jpg 1 0 0 3120 4160
p/1654970557286.jpg 1 0 0 3120 4160
p/1654970557287.jpg 1 0 0 3120 4160
p/1654970557288.jpg 1 0 0 3120 4160
p/1654970557289.jpg 1 0 0 3120 4160
p/1654970557290.jpg 1 0 0 3120 4160
p/1654970557291.jpg 1 0 0 3120 4160
p/1654970557292.jpg 1 0 0 3120 4160
p/1654970557294.jpg 1 0 0 3120 4160
p/1654970557295.jpg 1 0 0 3120 4160
p/1654970557296.jpg 1 0 0 3120 4160
p/1654970557297.jpg 1 0 0 3120 4160
p/1654970557298.jpg 1 0 0 3120 4160
p/1654970557299.jpg 1 0 0 3120 4160
p/1654970557300.jpg 1 0 0 3120 4160
p/1654970557301.jpg 1 0 0 3120 4160
p/1654970557302.jpg 1 0 0 3120 4160
p/1654970557262.jpg 1 0 0 3120 4160
p/1654970557263.jpg 1 0 0 3120 4160
p/1654970557264.jpg 1 0 0 3120 4160
p/1654970557265.jpg 1 0 0 3120 4160
p/1654970557266.jpg 1 0 0 3120 4160
p/1654970557267.jpg 1 0 0 3120 4160
p/1654970557268.jpg 1 0 0 3120 4160
p/1654970557269.jpg 1 0 0 3120 4160
p/1654970557270.jpg 1 0 0 3120 4160
p/1654970557272.jpg 1 0 0 3120 4160
p/1654970557273.jpg 1 0 0 3120 4160
p/1654970557274.jpg 1 0 0 3120 4160
p/1654970557275.jpg 1 0 0 3120 4160
p/1654970557276.jpg 1 0 0 3120 4160
p/1654970557277.jpg 1 0 0 3120 4160
p/1654970557278.jpg 1 0 0 3120 4160
p/1654970557279.jpg 1 0 0 3120 4160
p/1654970557280.jpg 1 0 0 3120 4160
p/1654970557259.jpg 1 0 0 3120 4160
p/1654970557261.jpg 1 0 0 3120 4160
p/1654970557241.jpg 1 0 0 3120 4160
p/1654970557242.jpg 1 0 0 3120 4160
p/1654970557243.jpg 1 0 0 3120 4160
p/1654970557244.jpg 1 0 0 3120 4160
p/1654970557245.jpg 1 0 0 3120 4160
p/1654970557246.jpg 1 0 0 3120 4160
p/1654970557247.jpg 1 0 0 3120 4160
p/1654970557248.jpg 1 0 0 3120 4160
p/1654970557250.jpg 1 0 0 3120 4160
p/1654970557251.jpg 1 0 0 3120 4160
p/1654970557252.jpg 1 0 0 3120 4160
p/1654970557253.jpg 1 0 0 3120 4160
p/1654970557254.jpg 1 0 0 3120 4160
p/1654970557255.jpg 1 0 0 3120 4160
p/1654970557256.jpg 1 0 0 3120 4160
p/1654970557257.jpg 1 0 0 3120 4160
p/1654970557258.jpg 1 0 0 3120 4160
p/1654970557237.jpg 1 0 0 3120 4160
p/1654970557239.jpg 1 0 0 3120 4160
p/1654970557240.jpg 1 0 0 3120 4160
p/1654970557214.jpg 1 0 0 3120 4160
p/1654970557216.jpg 1 0 0 3120 4160
p/1654970557217.jpg 1 0 0 3120 4160
p/1654970557218.jpg 1 0 0 3120 4160
p/1654970557219.jpg 1 0 0 3120 4160
p/1654970557220.jpg 1 0 0 3120 4160
p/1654970557221.jpg 1 0 0 3120 4160
p/1654970557222.jpg 1 0 0 3120 4160
p/1654970557223.jpg 1 0 0 3120 4160
p/1654970557224.jpg 1 0 0 3120 4160
p/1654970557225.jpg 1 0 0 3120 4160
p/1654970557228.jpg 1 0 0 3120 4160
p/1654970557229.jpg 1 0 0 3120 4160
p/1654970557230.jpg 1 0 0 3120 4160
p/1654970557231.jpg 1 0 0 3120 4160
p/1654970557232.jpg 1 0 0 3120 4160
p/1654970557233.jpg 1 0 0 3120 4160
p/1654970557234.jpg 1 0 0 3120 4160
p/1654970557235.jpg 1 0 0 3120 4160
p/1654970557236.jpg 1 0 0 3120 4160
p/1654970557210.jpg 1 0 0 3120 4160
p/1654970557211.jpg 1 0 0 3120 4160
p/1654970557212.jpg 1 0 0 3120 4160
p/1654970557213.jpg 1 0 0 3120 4160
p/1654970557192.jpg 1 0 0 3120 4160
p/1654970557194.jpg 1 0 0 3120 4160
p/1654970557195.jpg 1 0 0 3120 4160
p/1654970557196.jpg 1 0 0 3120 4160
p/1654970557197.jpg 1 0 0 3120 4160
p/1654970557198.jpg 1 0 0 3120 4160
p/1654970557199.jpg 1 0 0 3120 4160
p/1654970557200.jpg 1 0 0 3120 4160
p/1654970557201.jpg 1 0 0 3120 4160
p/1654970557202.jpg 1 0 0 3120 4160
p/1654970557203.jpg 1 0 0 3120 4160
p/1654970557205.jpg 1 0 0 3120 4160
p/1654970557206.jpg 1 0 0 3120 4160
p/1654970557207.jpg 1 0 0 3120 4160
p/1654970557208.jpg 1 0 0 3120 4160
p/1654970557209.jpg 1 0 0 3120 4160
p/1654970557184.jpg 1 0 0 3120 4160
p/1654970557185.jpg 1 0 0 3120 4160
p/1654970557186.jpg 1 0 0 3120 4160
p/1654970557187.jpg 1 0 0 3120 4160
p/1654970557188.jpg 1 0 0 3120 4160
p/1654970557189.jpg 1 0 0 3120 4160
p/1654970557190.jpg 1 0 0 3120 4160
p/1654970557191.jpg 1 0 0 3120 4160
p/1654970557170.jpg 1 0 0 3120 4160
p/1654970557172.jpg 1 0 0 3120 4160
p/1654970557173.jpg 1 0 0 3120 4160
p/1654970557174.jpg 1 0 0 3120 4160
p/1654970557175.jpg 1 0 0 3120 4160
p/1654970557176.jpg 1 0 0 3120 4160
p/1654970557177.jpg 1 0 0 3120 4160
p/1654970557178.jpg 1 0 0 3120 4160
p/1654970557179.jpg 1 0 0 3120 4160
p/1654970557180.jpg 1 0 0 3120 4160
p/1654970557181.jpg 1 0 0 3120 4160
p/1654970557183.jpg 1 0 0 3120 4160
p/1654970557148.jpg 1 0 0 3120 4160
p/1654970557150.jpg 1 0 0 3120 4160
p/1654970557151.jpg 1 0 0 3120 4160
p/1654970557152.jpg 1 0 0 3120 4160
p/1654970557153.jpg 1 0 0 3120 4160
p/1654970557154.jpg 1 0 0 3120 4160
p/1654970557155.jpg 1 0 0 3120 4160
p/1654970557156.jpg 1 0 0 3120 4160
p/1654970557157.jpg 1 0 0 3120 4160
p/1654970557158.jpg 1 0 0 3120 4160
p/1654970557159.jpg 1 0 0 3120 4160
p/1654970557161.jpg 1 0 0 3120 4160
p/1654970557162.jpg 1 0 0 3120 4160
p/1654970557163.jpg 1 0 0 3120 4160
p/1654970557164.jpg 1 0 0 3120 4160
p/1654970557165.jpg 1 0 0 3120 4160
p/1654970557166.jpg 1 0 0 3120 4160
p/1654970557167.jpg 1 0 0 3120 4160
p/1654970557168.jpg 1 0 0 3120 4160
p/1654970557169.jpg 1 0 0 3120 4160
p/1654970557145.jpg 1 0 0 3120 4160
p/1654970557146.jpg 1 0 0 3120 4160
p/1654970557147.jpg 1 0 0 3120 4160
p/1654970557126.jpg 1 0 0 3120 4160
p/1654970557128.jpg 1 0 0 3120 4160
p/1654970557129.jpg 1 0 0 3120 4160
p/1654970557130.jpg 1 0 0 3120 4160
p/1654970557131.jpg 1 0 0 3120 4160
p/1654970557132.jpg 1 0 0 3120 4160
p/1654970557133.jpg 1 0 0 3120 4160
p/1654970557134.jpg 1 0 0 3120 4160
p/1654970557135.jpg 1 0 0 3120 4160
p/1654970557136.jpg 1 0 0 3120 4160
p/1654970557137.jpg 1 0 0 3120 4160
p/1654970557139.jpg 1 0 0 3120 4160
p/1654970557140.jpg 1 0 0 3120 4160
p/1654970557141.jpg 1 0 0 3120 4160
p/1654970557142.jpg 1 0 0 3120 4160
p/1654970557143.jpg 1 0 0 3120 4160
p/1654970557144.jpg 1 0 0 3120 4160
p/1654970557109.jpg 1 0 0 3120 4160
p/1654970557110.jpg 1 0 0 3120 4160
p/1654970557111.jpg 1 0 0 3120 4160
p/1654970557112.jpg 1 0 0 3120 4160
p/1654970557113.jpg 1 0 0 3120 4160
p/1654970557114.jpg 1 0 0 3120 4160
p/1654970557117.jpg 1 0 0 3120 4160
p/1654970557118.jpg 1 0 0 3120 4160
p/1654970557119.jpg 1 0 0 3120 4160
p/1654970557120.jpg 1 0 0 3120 4160
p/1654970557121.jpg 1 0 0 3120 4160
p/1654970557122.jpg 1 0 0 3120 4160
p/1654970557123.jpg 1 0 0 3120 4160
p/1654970557124.jpg 1 0 0 3120 4160
p/1654970557125.jpg 1 0 0 3120 4160
p/1654970557103.jpg 1 0 0 3120 4160
p/1654970557105.jpg 1 0 0 3120 4160
p/1654970557106.jpg 1 0 0 3120 4160
p/1654970557107.jpg 1 0 0 3120 4160
p/1654970557108.jpg 1 0 0 3120 4160
p/1654970557081.jpg 1 0 0 3120 4160
p/1654970557083.jpg 1 0 0 3120 4160
p/1654970557084.jpg 1 0 0 3120 4160
p/1654970557085.jpg 1 0 0 3120 4160
p/1654970557086.jpg 1 0 0 3120 4160
p/1654970557087.jpg 1 0 0 3120 4160
p/1654970557088.jpg 1 0 0 3120 4160
p/1654970557089.jpg 1 0 0 3120 4160
p/1654970557090.jpg 1 0 0 3120 4160
p/1654970557091.jpg 1 0 0 3120 4160
p/1654970557092.jpg 1 0 0 3120 4160
p/1654970557094.jpg 1 0 0 3120 4160
p/1654970557095.jpg 1 0 0 3120 4160
p/1654970557096.jpg 1 0 0 3120 4160
p/1654970557097.jpg 1 0 0 3120 4160
p/1654970557098.jpg 1 0 0 3120 4160
p/1654970557099.jpg 1 0 0 3120 4160
p/1654970557100.jpg 1 0 0 3120 4160
p/1654970557101.jpg 1 0 0 3120 4160
p/1654970557102.jpg 1 0 0 3120 4160
p/1654970557077.jpg 1 0 0 3120 4160
p/1654970557078.jpg 1 0 0 3120 4160
p/1654970557079.jpg 1 0 0 3120 4160
p/1654970557080.jpg 1 0 0 3120 4160
p/1654970557059.jpg 1 0 0 3120 4160
p/1654970557061.jpg 1 0 0 3120 4160
p/1654970557062.jpg 1 0 0 3120 4160
p/1654970557063.jpg 1 0 0 3120 4160
p/1654970557064.jpg 1 0 0 3120 4160
p/1654970557065.jpg 1 0 0 3120 4160
p/1654970557066.jpg 1 0 0 3120 4160
p/1654970557067.jpg 1 0 0 3120 4160
p/1654970557068.jpg 1 0 0 3120 4160
p/1654970557069.jpg 1 0 0 3120 4160
p/1654970557070.jpg 1 0 0 3120 4160
p/1654970557072.jpg 1 0 0 3120 4160
p/1654970557073.jpg 1 0 0 3120 4160
p/1654970557074.jpg 1 0 0 3120 4160
p/1654970557075.jpg 1 0 0 3120 4160
p/1654970557076.jpg 1 0 0 3120 4160
p/1654970557048.jpg 1 0 0 3120 4160
p/1654970557050.jpg 1 0 0 3120 4160
p/1654970557051.jpg 1 0 0 3120 4160
p/1654970557052.jpg 1 0 0 3120 4160
p/1654970557053.jpg 1 0 0 3120 4160
p/1654970557054.jpg 1 0 0 3120 4160
p/1654970557055.jpg 1 0 0 3120 4160
p/1654970557056.jpg 1 0 0 3120 4160
p/1654970557057.jpg 1 0 0 3120 4160
p/1654970557058.jpg 1 0 0 3120 4160
p/1654970557037.jpg 1 0 0 3120 4160
p/1654970557039.jpg 1 0 0 3120 4160
p/1654970557040.jpg 1 0 0 3120 4160
p/1654970557041.jpg 1 0 0 3120 4160
p/1654970557042.jpg 1 0 0 3120 4160
p/1654970557043.jpg 1 0 0 3120 4160
p/1654970557044.jpg 1 0 0 3120 4160
p/1654970557045.jpg 1 0 0 3120 4160
p/1654970557046.jpg 1 0 0 3120 4160
p/1654970557047.jpg 1 0 0 3120 4160
p/1654970557030.jpg 1 0 0 3120 4160
p/1654970557031.jpg 1 0 0 3120 4160
p/1654970557032.jpg 1 0 0 3120 4160
p/1654970557033.jpg 1 0 0 3120 4160
p/1654970557034.jpg 1 0 0 3120 4160
p/1654970557035.jpg 1 0 0 3120 4160
p/1654970557036.jpg 1 0 0 3120 4160
p/1654970557015.jpg 1 0 0 3120 4160
p/1654970557017.jpg 1 0 0 3120 4160
p/1654970557018.jpg 1 0 0 3120 4160
p/1654970557019.jpg 1 0 0 3120 4160
p/1654970557020.jpg 1 0 0 3120 4160
p/1654970557021.jpg 1 0 0 3120 4160
p/1654970557022.jpg 1 0 0 3120 4160
p/1654970557023.jpg 1 0 0 3120 4160
p/1654970557024.jpg 1 0 0 3120 4160
p/1654970557025.jpg 1 0 0 3120 4160
p/1654970557026.jpg 1 0 0 3120 4160
p/1654970557028.jpg 1 0 0 3120 4160
p/1654970557029.jpg 1 0 0 3120 4160
p/1654970557006.jpg 1 0 0 3120 4160
p/1654970557007.jpg 1 0 0 3120 4160
p/1654970557008.jpg 1 0 0 3120 4160
p/1654970557009.jpg 1 0 0 3120 4160
p/1654970557010.jpg 1 0 0 3120 4160
p/1654970557011.jpg 1 0 0 3120 4160
p/1654970557012.jpg 1 0 0 3120 4160
p/1654970557013.jpg 1 0 0 3120 4160
p/1654970557014.jpg 1 0 0 3120 4160
p/1654970557392.jpg 1 0 0 3120 4160
p/1654970557394.jpg 1 0 0 3120 4160
p/1654970557395.jpg 1 0 0 3120 4160
p/1654970557396.jpg 1 0 0 3120 4160
p/1654970557397.jpg 1 0 0 3120 4160
p/1654970557398.jpg 1 0 0 3120 4160
p/1654970557399.jpg 1 0 0 3120 4160
p/1654970557400.jpg 1 0 0 3120 4160
p/1654970557401.jpg 1 0 0 3120 4160
p/1654970557402.jpg 1 0 0 3120 4160
p/1654970557403.jpg 1 0 0 3120 4160
p/1654970557370.jpg 1 0 0 3120 4160
p/1654970557372.jpg 1 0 0 3120 4160
p/1654970557373.jpg 1 0 0 3120 4160
p/1654970557374.jpg 1 0 0 3120 4160
p/1654970557375.jpg 1 0 0 3120 4160
p/1654970557376.jpg 1 0 0 3120 4160
p/1654970557377.jpg 1 0 0 3120 4160
p/1654970557378.jpg 1 0 0 3120 4160
p/1654970557379.jpg 1 0 0 3120 4160
p/1654970557380.jpg 1 0 0 3120 4160
p/1654970557381.jpg 1 0 0 3120 4160
p/1654970557383.jpg 1 0 0 3120 4160
p/1654970557384.jpg 1 0 0 3120 4160
p/1654970557385.jpg 1 0 0 3120 4160
p/1654970557386.jpg 1 0 0 3120 4160
p/1654970557387.jpg 1 0 0 3120 4160
p/1654970557388.jpg 1 0 0 3120 4160
p/1654970557389.jpg 1 0 0 3120 4160
p/1654970557390.jpg 1 0 0 3120 4160
p/1654970557391.jpg 1 0 0 3120 4160
p/1654970557359.jpg 1 0 0 3120 4160
p/1654970557361.jpg 1 0 0 3120 4160
p/1654970557362.jpg 1 0 0 3120 4160
p/1654970557363.jpg 1 0 0 3120 4160
p/1654970557364.jpg 1 0 0 3120 4160
p/1654970557365.jpg 1 0 0 3120 4160
p/1654970557366.jpg 1 0 0 3120 4160
p/1654970557367.jpg 1 0 0 3120 4160
p/1654970557368.jpg 1 0 0 3120 4160
p/1654970557369.jpg 1 0 0 3120 4160
p/1654970557348.jpg 1 0 0 3120 4160
p/1654970557350.jpg 1 0 0 3120 4160
p/1654970557351.jpg 1 0 0 3120 4160
p/1654970557352.jpg 1 0 0 3120 4160
p/1654970557353.jpg 1 0 0 3120 4160
p/1654970557354.jpg 1 0 0 3120 4160
p/1654970557355.jpg 1 0 0 3120 4160
p/1654970557356.jpg 1 0 0 3120 4160
p/1654970557357.jpg 1 0 0 3120 4160
p/1654970557358.jpg 1 0 0 3120 4160
p/1654970557215.jpg 1 0 0 3120 4160
p/1654970557227.jpg 1 0 0 3120 4160
p/1654970557238.jpg 1 0 0 3120 4160
p/1654970557249.jpg 1 0 0 3120 4160
p/1654970557260.jpg 1 0 0 3120 4160
p/1654970557271.jpg 1 0 0 3120 4160
p/1654970557282.jpg 1 0 0 3120 4160
p/1654970557293.jpg 1 0 0 3120 4160
p/1654970557304.jpg 1 0 0 3120 4160
p/1654970557315.jpg 1 0 0 3120 4160
p/1654970557326.jpg 1 0 0 3120 4160
p/1654970557338.jpg 1 0 0 3120 4160
p/1654970557340.jpg 1 0 0 3120 4160
p/1654970557341.jpg 1 0 0 3120 4160
p/1654970557342.jpg 1 0 0 3120 4160
p/1654970557343.jpg 1 0 0 3120 4160
p/1654970557344.jpg 1 0 0 3120 4160
p/1654970557345.jpg 1 0 0 3120 4160
p/1654970557346.jpg 1 0 0 3120 4160
p/1654970557347.jpg 1 0 0 3120 4160
p/1654970557060.jpg 1 0 0 3120 4160
p/1654970557071.jpg 1 0 0 3120 4160
p/1654970557082.jpg 1 0 0 3120 4160
p/1654970557093.jpg 1 0 0 3120 4160
p/1654970557104.jpg 1 0 0 3120 4160
p/1654970557116.jpg 1 0 0 3120 4160
p/1654970557127.jpg 1 0 0 3120 4160
p/1654970557138.jpg 1 0 0 3120 4160
p/1654970557149.jpg 1 0 0 3120 4160
p/1654970557160.jpg 1 0 0 3120 4160
p/1654970557171.jpg 1 0 0 3120 4160
p/1654970557182.jpg 1 0 0 3120 4160
p/1654970557193.jpg 1 0 0 3120 4160
p/1654970557204.jpg 1 0 0 3120 4160
p/1654970557005.jpg 1 0 0 3120 4160
p/1654970557016.jpg 1 0 0 3120 4160
p/1654970557027.jpg 1 0 0 3120 4160
p/1654970557038.jpg 1 0 0 3120 4160
p/1654970557049.jpg 1 0 0 3120 4160
p/1654970557393.jpg 1 0 0 3120 4160
p/1654970557360.jpg 1 0 0 3120 4160
p/1654970557371.jpg 1 0 0 3120 4160
p/1654970557382.jpg 1 0 0 3120 4160
p/1654970557115.jpg 1 0 0 3120 4160
p/1654970557226.jpg 1 0 0 3120 4160
p/1654970557337.jpg 1 0 0 3120 4160
p/1654970557349.jpg 1 0 0 3120 4160
p/1654970557004.jpg 1 0 0 3120 4160